[0m20:54:05.641648 [debug] [MainThread]: Sending event: {'category': 'dbt', 'action': 'invocation', 'label': 'start', 'context': [<snowplow_tracker.self_describing_json.SelfDescribingJson object at 0x000002551985C7D0>, <snowplow_tracker.self_describing_json.SelfDescribingJson object at 0x00000255177ABCE0>, <snowplow_tracker.self_describing_json.SelfDescribingJson object at 0x00000255182D39B0>]}


============================== 20:54:05.653912 | e8854c07-13d9-44cc-900e-d1e3bf72b05f ==============================
[0m20:54:05.653912 [info ] [MainThread]: Running with dbt=1.11.11
[0m20:54:05.655968 [debug] [MainThread]: running dbt with arguments {'version_check': 'True', 'no_print': 'None', 'static_parser': 'True', 'target_path': 'None', 'warn_error_options': 'WarnErrorOptionsV2(error=[], warn=[], silence=[])', 'printer_width': '80', 'write_json': 'True', 'introspect': 'True', 'log_cache_events': 'False', 'empty': 'None', 'cache_selected_only': 'False', 'fail_fast': 'False', 'debug': 'False', 'log_format': 'default', 'partial_parse': 'True', 'send_anonymous_usage_stats': 'True', 'quiet': 'False', 'warn_error': 'None', 'profiles_dir': 'C:\\Users\\Asus\\.dbt', 'invocation_command': 'dbt init cineflow_dbt', 'indirect_selection': 'eager', 'use_colors': 'True', 'use_experimental_parser': 'False', 'log_path': 'logs'}
[0m20:54:05.742611 [info ] [MainThread]: Creating dbt configuration folder at C:\Users\Asus\.dbt
[0m20:54:05.752300 [debug] [MainThread]: Starter project path: C:\Users\Asus\CineFlow\venv\Lib\site-packages\dbt\include\starter_project
[0m20:54:05.823826 [info ] [MainThread]: 
Your new dbt project "cineflow_dbt" was created!

For more information on how to configure the profiles.yml file,
please consult the dbt documentation here:

  https://docs.getdbt.com/docs/configure-your-profile

One more thing:

Need help? Don't hesitate to reach out to us via GitHub issues or on Slack:

  https://community.getdbt.com/

Happy modeling!

[0m20:54:05.824862 [info ] [MainThread]: Setting up your profile.
[0m20:55:25.220966 [info ] [MainThread]: Profile cineflow_dbt written to C:\Users\Asus\.dbt\profiles.yml using target's profile_template.yml and your supplied values. Run 'dbt debug' to validate the connection.
[0m20:55:25.222970 [debug] [MainThread]: Command `dbt init` succeeded at 20:55:25.222970 after 79.94 seconds
[0m20:55:25.223982 [debug] [MainThread]: Sending event: {'category': 'dbt', 'action': 'invocation', 'label': 'end', 'context': [<snowplow_tracker.self_describing_json.SelfDescribingJson object at 0x0000025517D07B60>, <snowplow_tracker.self_describing_json.SelfDescribingJson object at 0x00000255180FA4B0>, <snowplow_tracker.self_describing_json.SelfDescribingJson object at 0x0000025519CF6330>]}
[0m20:55:25.224966 [debug] [MainThread]: Flushing usage events
[0m20:55:30.709734 [debug] [MainThread]: An error was encountered while trying to flush usage events
