2026-06-09 20:09:07 | INFO     | Main_Orchestrator | [MAIN] KHỞI ĐỘNG HỆ THỐNG CINEFLOW
2026-06-09 20:13:55 | INFO     | Main_Orchestrator | [MAIN] KHỞI ĐỘNG HỆ THỐNG CINEFLOW
2026-06-09 20:14:37 | INFO     | Main_Orchestrator | [MAIN] KHỞI ĐỘNG HỆ THỐNG CINEFLOW
2026-06-09 20:21:39 | INFO     | Main_Orchestrator | [MAIN] KHỞI ĐỘNG HỆ THỐNG CINEFLOW
2026-06-09 20:21:39 | INFO     | Main_Orchestrator | Đã khởi tạo phiên chạy trong DB. Run ID: 1
2026-06-09 20:21:39 | INFO     | Main_Orchestrator | Bắt đầu kích hoạt luồng: TMDB Movies (Extract & Load)...
2026-06-09 20:21:40 | INFO     | Extract_TMDB_Movies | Đang tải dữ liệu trang 1...
2026-06-09 20:21:41 | INFO     | Extract_TMDB_Movies | Đang tải dữ liệu trang 2...
2026-06-09 20:21:42 | INFO     | Extract_TMDB_Movies | Đang tải dữ liệu trang 3...
2026-06-09 20:21:42 | INFO     | Extract_TMDB_Movies | Đang tải dữ liệu trang 4...
2026-06-09 20:21:43 | INFO     | Extract_TMDB_Movies | Đang tải dữ liệu trang 5...
2026-06-09 20:21:45 | ERROR    | Main_Orchestrator | Tiến trình Pipeline chính thất bại: 'LoadPackageInfo' object has no attribute 'tables'
Traceback (most recent call last):
  File "c:\Users\Asus\CineFlow\movie-analytics-platform\main.py", line 42, in <module>
    for table_name, table_update in package.tables.items():
                                    ^^^^^^^^^^^^^^
AttributeError: 'LoadPackageInfo' object has no attribute 'tables'
2026-06-09 20:21:45 | INFO     | Main_Orchestrator | 🔌 Đã giải phóng kết nối Metadata Tracker.
2026-06-09 20:21:45 | INFO     | Main_Orchestrator | 
=======================================================================

2026-06-12 19:23:18 | INFO     | Main_Orchestrator | [main] KHỞI ĐỘNG HỆ THỐNG CINEFLOW
2026-06-12 19:25:27 | INFO     | Main_Orchestrator | [main] KHỞI ĐỘNG HỆ THỐNG CINEFLOW
2026-06-12 19:26:46 | INFO     | Main_Orchestrator | [main] KHỞI ĐỘNG HỆ THỐNG CINEFLOW
2026-06-12 19:30:39 | INFO     | Main_Orchestrator | [main] KHỞI ĐỘNG HỆ THỐNG CINEFLOW
2026-06-12 19:30:39 | INFO     | Main_Orchestrator | Đã khởi tạo phiên chạy trong DB. Run ID: 1
2026-06-12 19:30:39 | INFO     | Main_Orchestrator | Bắt đầu kích hoạt luồng: TMDB Movies (Extract & Load)...
2026-06-12 19:30:40 | ERROR    | Main_Orchestrator | Tiến trình Pipeline chính thất bại: Pipeline execution failed at `step=sync` with exception:

<class 'psycopg2.OperationalError'>
connection to server at "ep-still-bread-aow0faf8-pooler.c-2.ap-southeast-1.aws.neon.tech" (2406:da18:1a49:ee2b:eed0:670c:ea4c:1d7a), port 5432 failed: ERROR:  password authentication failed for user 'neondb_owner'
Traceback (most recent call last):
  File "C:\Users\Asus\CineFlow\venv\Lib\site-packages\dlt\pipeline\pipeline.py", line 812, in _sync_destination
    remote_state = self._restore_state_from_destination()
                   ^^^^^^^^^^^^^^^^^^^^^^^^^^^^^^^^^^^^^^
  File "C:\Users\Asus\CineFlow\venv\Lib\site-packages\dlt\pipeline\pipeline.py", line 1666, in _restore_state_from_destination
    with self._get_destination_clients(schema)[0] as job_client:
         ~~~~~~~~~~~~~~~~~~~~~~~~~~~~~~~~~~~~~^^^
  File "C:\Users\Asus\CineFlow\venv\Lib\site-packages\dlt\destinations\job_client_impl.py", line 435, in __enter__
    self.sql_client.open_connection()
  File "C:\Users\Asus\CineFlow\venv\Lib\site-packages\dlt\destinations\impl\postgres\sql_client.py", line 49, in open_connection
    self._conn = psycopg2.connect(
                 ^^^^^^^^^^^^^^^^^
  File "C:\Users\Asus\CineFlow\venv\Lib\site-packages\psycopg2\__init__.py", line 135, in connect
    conn = _connect(dsn, connection_factory=connection_factory, **kwasync)
           ^^^^^^^^^^^^^^^^^^^^^^^^^^^^^^^^^^^^^^^^^^^^^^^^^^^^^^^^^^^^^^^
psycopg2.OperationalError: connection to server at "ep-still-bread-aow0faf8-pooler.c-2.ap-southeast-1.aws.neon.tech" (2406:da18:1a49:ee2b:eed0:670c:ea4c:1d7a), port 5432 failed: ERROR:  password authentication failed for user 'neondb_owner'


The above exception was the direct cause of the following exception:

Traceback (most recent call last):
  File "c:\Users\Asus\CineFlow\movie-analytics-platform\main.py", line 39, in <module>
    load_info = movie_pipeline.run(get_data_movies())
                ^^^^^^^^^^^^^^^^^^^^^^^^^^^^^^^^^^^^^
  File "C:\Users\Asus\CineFlow\venv\Lib\site-packages\dlt\pipeline\pipeline.py", line 224, in _wrap
    step_info = f(self, *args, **kwargs)
                ^^^^^^^^^^^^^^^^^^^^^^^^
  File "C:\Users\Asus\CineFlow\venv\Lib\site-packages\dlt\pipeline\pipeline.py", line 272, in _wrap
    return f(self, *args, **kwargs)
           ^^^^^^^^^^^^^^^^^^^^^^^^
  File "C:\Users\Asus\CineFlow\venv\Lib\site-packages\dlt\pipeline\pipeline.py", line 737, in run
    self._sync_destination(destination, staging, dataset_name)
  File "C:\Users\Asus\CineFlow\venv\Lib\site-packages\dlt\pipeline\pipeline.py", line 178, in _wrap
    rv = f(self, *args, **kwargs)
         ^^^^^^^^^^^^^^^^^^^^^^^^
  File "C:\Users\Asus\CineFlow\venv\Lib\site-packages\dlt\pipeline\pipeline.py", line 918, in _sync_destination
    raise PipelineStepFailed(self, "sync", None, ex, None) from ex
dlt.pipeline.exceptions.PipelineStepFailed: Pipeline execution failed at `step=sync` with exception:

<class 'psycopg2.OperationalError'>
connection to server at "ep-still-bread-aow0faf8-pooler.c-2.ap-southeast-1.aws.neon.tech" (2406:da18:1a49:ee2b:eed0:670c:ea4c:1d7a), port 5432 failed: ERROR:  password authentication failed for user 'neondb_owner'

2026-06-12 19:30:40 | INFO     | Main_Orchestrator | 🔌 Đã giải phóng kết nối Metadata Tracker.
2026-06-12 19:30:40 | INFO     | Main_Orchestrator | 
=======================================================================

2026-06-12 19:32:45 | INFO     | Main_Orchestrator | [main] KHỞI ĐỘNG HỆ THỐNG CINEFLOW
2026-06-12 19:32:45 | INFO     | Main_Orchestrator | Đã khởi tạo phiên chạy trong DB. Run ID: 2
2026-06-12 19:32:45 | INFO     | Main_Orchestrator | Bắt đầu kích hoạt luồng: TMDB Movies (Extract & Load)...
2026-06-12 19:32:46 | ERROR    | Main_Orchestrator | Tiến trình Pipeline chính thất bại: Pipeline execution failed at `step=sync` with exception:

<class 'psycopg2.OperationalError'>
connection to server at "ep-still-bread-aow0faf8-pooler.c-2.ap-southeast-1.aws.neon.tech" (2406:da18:1a49:ee2b:eed0:670c:ea4c:1d7a), port 5432 failed: ERROR:  unsupported startup parameter in options: search_path. Please use unpooled connection or remove this parameter from the startup package. More details: https://neon.tech/docs/connect/connection-errors#unsupported-startup-parameter
Traceback (most recent call last):
  File "C:\Users\Asus\CineFlow\venv\Lib\site-packages\dlt\pipeline\pipeline.py", line 812, in _sync_destination
    remote_state = self._restore_state_from_destination()
                   ^^^^^^^^^^^^^^^^^^^^^^^^^^^^^^^^^^^^^^
  File "C:\Users\Asus\CineFlow\venv\Lib\site-packages\dlt\pipeline\pipeline.py", line 1666, in _restore_state_from_destination
    with self._get_destination_clients(schema)[0] as job_client:
         ~~~~~~~~~~~~~~~~~~~~~~~~~~~~~~~~~~~~~^^^
  File "C:\Users\Asus\CineFlow\venv\Lib\site-packages\dlt\destinations\job_client_impl.py", line 435, in __enter__
    self.sql_client.open_connection()
  File "C:\Users\Asus\CineFlow\venv\Lib\site-packages\dlt\destinations\impl\postgres\sql_client.py", line 49, in open_connection
    self._conn = psycopg2.connect(
                 ^^^^^^^^^^^^^^^^^
  File "C:\Users\Asus\CineFlow\venv\Lib\site-packages\psycopg2\__init__.py", line 135, in connect
    conn = _connect(dsn, connection_factory=connection_factory, **kwasync)
           ^^^^^^^^^^^^^^^^^^^^^^^^^^^^^^^^^^^^^^^^^^^^^^^^^^^^^^^^^^^^^^^
psycopg2.OperationalError: connection to server at "ep-still-bread-aow0faf8-pooler.c-2.ap-southeast-1.aws.neon.tech" (2406:da18:1a49:ee2b:eed0:670c:ea4c:1d7a), port 5432 failed: ERROR:  unsupported startup parameter in options: search_path. Please use unpooled connection or remove this parameter from the startup package. More details: https://neon.tech/docs/connect/connection-errors#unsupported-startup-parameter


The above exception was the direct cause of the following exception:

Traceback (most recent call last):
  File "c:\Users\Asus\CineFlow\movie-analytics-platform\main.py", line 39, in <module>
    load_info = movie_pipeline.run(get_data_movies())
                ^^^^^^^^^^^^^^^^^^^^^^^^^^^^^^^^^^^^^
  File "C:\Users\Asus\CineFlow\venv\Lib\site-packages\dlt\pipeline\pipeline.py", line 224, in _wrap
    step_info = f(self, *args, **kwargs)
                ^^^^^^^^^^^^^^^^^^^^^^^^
  File "C:\Users\Asus\CineFlow\venv\Lib\site-packages\dlt\pipeline\pipeline.py", line 272, in _wrap
    return f(self, *args, **kwargs)
           ^^^^^^^^^^^^^^^^^^^^^^^^
  File "C:\Users\Asus\CineFlow\venv\Lib\site-packages\dlt\pipeline\pipeline.py", line 737, in run
    self._sync_destination(destination, staging, dataset_name)
  File "C:\Users\Asus\CineFlow\venv\Lib\site-packages\dlt\pipeline\pipeline.py", line 178, in _wrap
    rv = f(self, *args, **kwargs)
         ^^^^^^^^^^^^^^^^^^^^^^^^
  File "C:\Users\Asus\CineFlow\venv\Lib\site-packages\dlt\pipeline\pipeline.py", line 918, in _sync_destination
    raise PipelineStepFailed(self, "sync", None, ex, None) from ex
dlt.pipeline.exceptions.PipelineStepFailed: Pipeline execution failed at `step=sync` with exception:

<class 'psycopg2.OperationalError'>
connection to server at "ep-still-bread-aow0faf8-pooler.c-2.ap-southeast-1.aws.neon.tech" (2406:da18:1a49:ee2b:eed0:670c:ea4c:1d7a), port 5432 failed: ERROR:  unsupported startup parameter in options: search_path. Please use unpooled connection or remove this parameter from the startup package. More details: https://neon.tech/docs/connect/connection-errors#unsupported-startup-parameter

2026-06-12 19:32:46 | INFO     | Main_Orchestrator | 🔌 Đã giải phóng kết nối Metadata Tracker.
2026-06-12 19:32:46 | INFO     | Main_Orchestrator | 
=======================================================================

2026-06-12 19:34:50 | INFO     | Main_Orchestrator | [main] KHỞI ĐỘNG HỆ THỐNG CINEFLOW
2026-06-12 19:34:51 | INFO     | Main_Orchestrator | Đã khởi tạo phiên chạy trong DB. Run ID: 3
2026-06-12 19:34:51 | INFO     | Main_Orchestrator | Bắt đầu kích hoạt luồng: TMDB Movies (Extract & Load)...
2026-06-12 19:34:52 | INFO     | Extract_TMDB_Movies | Đang tải dữ liệu trang 1...
2026-06-12 19:34:54 | INFO     | Extract_TMDB_Movies | Đang tải dữ liệu trang 2...
2026-06-12 19:34:55 | INFO     | Extract_TMDB_Movies | Đang tải dữ liệu trang 3...
2026-06-12 19:34:57 | INFO     | Extract_TMDB_Movies | Đang tải dữ liệu trang 4...
2026-06-12 19:34:58 | INFO     | Extract_TMDB_Movies | Đang tải dữ liệu trang 5...
2026-06-12 19:35:04 | ERROR    | Main_Orchestrator | Tiến trình Pipeline chính thất bại: 'LoadPackageInfo' object has no attribute 'tables'
Traceback (most recent call last):
  File "c:\Users\Asus\CineFlow\movie-analytics-platform\main.py", line 43, in <module>
    for table_name, table_update in package.tables.items():
                                    ^^^^^^^^^^^^^^
AttributeError: 'LoadPackageInfo' object has no attribute 'tables'
2026-06-12 19:35:04 | INFO     | Main_Orchestrator | 🔌 Đã giải phóng kết nối Metadata Tracker.
2026-06-12 19:35:04 | INFO     | Main_Orchestrator | 
=======================================================================

2026-06-12 19:37:33 | INFO     | Main_Orchestrator | [main] KHỞI ĐỘNG HỆ THỐNG CINEFLOW
2026-06-12 19:37:34 | INFO     | Main_Orchestrator | Đã khởi tạo phiên chạy trong DB. Run ID: 4
2026-06-12 19:37:34 | INFO     | Main_Orchestrator | Bắt đầu kích hoạt luồng: TMDB Movies (Extract & Load)...
2026-06-12 19:37:34 | INFO     | Extract_TMDB_Movies | Đang tải dữ liệu trang 1...
2026-06-12 19:37:36 | INFO     | Extract_TMDB_Movies | Đang tải dữ liệu trang 2...
2026-06-12 19:37:37 | INFO     | Extract_TMDB_Movies | Đang tải dữ liệu trang 3...
2026-06-12 19:37:38 | INFO     | Extract_TMDB_Movies | Đang tải dữ liệu trang 4...
2026-06-12 19:37:40 | INFO     | Extract_TMDB_Movies | Đang tải dữ liệu trang 5...
2026-06-12 19:37:45 | ERROR    | Main_Orchestrator | Tiến trình Pipeline chính thất bại: 'LoadPackageInfo' object has no attribute 'tables'
Traceback (most recent call last):
  File "c:\Users\Asus\CineFlow\movie-analytics-platform\main.py", line 43, in <module>
    for table_name, table_update in package.tables.items():
                                    ^^^^^^^^^^^^^^
AttributeError: 'LoadPackageInfo' object has no attribute 'tables'
2026-06-12 19:37:45 | INFO     | Main_Orchestrator | 🔌 Đã giải phóng kết nối Metadata Tracker.
2026-06-12 19:37:45 | INFO     | Main_Orchestrator | 
=======================================================================

2026-06-12 19:39:01 | INFO     | Main_Orchestrator | [main] KHỞI ĐỘNG HỆ THỐNG CINEFLOW
2026-06-12 19:39:01 | INFO     | Main_Orchestrator | Đã khởi tạo phiên chạy trong DB. Run ID: 5
2026-06-12 19:39:01 | INFO     | Main_Orchestrator | Bắt đầu kích hoạt luồng: TMDB Movies (Extract & Load)...
2026-06-12 19:39:02 | INFO     | Extract_TMDB_Movies | Đang tải dữ liệu trang 1...
2026-06-12 19:39:04 | INFO     | Extract_TMDB_Movies | Đang tải dữ liệu trang 2...
2026-06-12 19:39:05 | INFO     | Extract_TMDB_Movies | Đang tải dữ liệu trang 3...
2026-06-12 19:39:07 | INFO     | Extract_TMDB_Movies | Đang tải dữ liệu trang 4...
2026-06-12 19:39:09 | INFO     | Extract_TMDB_Movies | Đang tải dữ liệu trang 5...
2026-06-12 19:39:16 | INFO     | Main_Orchestrator | Luồng TMDB Movies hoàn tất!
2026-06-12 19:39:16 | INFO     | Main_Orchestrator | Chi tiết nạp dữ liệu:
Pipeline tmdb_data load step completed in 3.47 seconds
1 load package(s) were loaded to destination postgres and into dataset raw_movies_data
The postgres destination used postgresql://neondb_owner:***@ep-still-bread-aow0faf8.c-2.ap-southeast-1.aws.neon.tech:5432/neondb location to store data
Load package 1781267942.5530102 is LOADED and contains no failed jobs
2026-06-12 19:39:16 | INFO     | Main_Orchestrator | 🔌 Đã giải phóng kết nối Metadata Tracker.
2026-06-12 19:39:16 | INFO     | Main_Orchestrator | 
=======================================================================

2026-07-13 20:50:30 | INFO     | Main_Orchestrator | [main] KHỞI ĐỘNG HỆ THỐNG CINEFLOW
2026-07-13 20:50:31 | INFO     | Main_Orchestrator | Đã khởi tạo phiên chạy trong DB. Run ID: 40
2026-07-13 20:50:31 | INFO     | Main_Orchestrator | Bắt đầu kích hoạt luồng: TMDB Movies (Extract & Load)...
2026-07-13 20:50:32 | INFO     | Extract_TMDB_Movies | Đang tải dữ liệu trang 1...
2026-07-13 20:50:32 | INFO     | Extract_TMDB_Movies | Đang tải dữ liệu trang 2...
2026-07-13 20:50:32 | INFO     | Extract_TMDB_Movies | Đang tải dữ liệu trang 3...
2026-07-13 20:50:32 | INFO     | Extract_TMDB_Movies | Đang tải dữ liệu trang 4...
2026-07-13 20:50:32 | INFO     | Extract_TMDB_Movies | Đang tải dữ liệu trang 5...
2026-07-13 20:50:33 | INFO     | Main_Orchestrator | Luồng TMDB Movies hoàn tất!
2026-07-13 20:50:33 | INFO     | Main_Orchestrator | Chi tiết nạp dữ liệu:
Pipeline tmdb_data load step completed in ---
0 load package(s) were loaded to destination postgres and into dataset None
The postgres destination used postgresql://neondb_owner:***@ep-still-bread-aow0faf8.c-2.ap-southeast-1.aws.neon.tech:5432/neondb location to store data
2026-07-13 20:50:33 | INFO     | Main_Orchestrator | 🔌 Đã giải phóng kết nối Metadata Tracker.
2026-07-13 20:50:33 | INFO     | Main_Orchestrator | 
=======================================================================

2026-07-13 20:51:38 | INFO     | Main_Orchestrator | [main] KHỞI ĐỘNG HỆ THỐNG CINEFLOW
2026-07-13 20:51:38 | INFO     | Main_Orchestrator | Đã khởi tạo phiên chạy trong DB. Run ID: 41
2026-07-13 20:51:38 | INFO     | Main_Orchestrator | Bắt đầu kích hoạt luồng: TMDB Movies (Extract & Load)...
2026-07-13 20:51:38 | INFO     | Extract_TMDB_Movies | Đang tải dữ liệu trang 1...
2026-07-13 20:51:38 | INFO     | Extract_TMDB_Movies | Đang tải dữ liệu trang 2...
2026-07-13 20:51:38 | INFO     | Extract_TMDB_Movies | Đang tải dữ liệu trang 3...
2026-07-13 20:51:38 | INFO     | Extract_TMDB_Movies | Đang tải dữ liệu trang 4...
2026-07-13 20:51:38 | INFO     | Extract_TMDB_Movies | Đang tải dữ liệu trang 5...
2026-07-13 20:51:39 | INFO     | Main_Orchestrator | Luồng TMDB Movies hoàn tất!
2026-07-13 20:51:39 | INFO     | Main_Orchestrator | Chi tiết nạp dữ liệu:
Pipeline tmdb_data load step completed in ---
0 load package(s) were loaded to destination postgres and into dataset None
The postgres destination used postgresql://neondb_owner:***@ep-still-bread-aow0faf8.c-2.ap-southeast-1.aws.neon.tech:5432/neondb location to store data
2026-07-13 20:51:39 | INFO     | Main_Orchestrator | 🔌 Đã giải phóng kết nối Metadata Tracker.
2026-07-13 20:51:39 | INFO     | Main_Orchestrator | 
=======================================================================

